
**** Clean-only build of configuration Debug for project usb_dev_bulk ****

"C:\\ti\\ccsv5\\utils\\bin\\gmake" -k clean 
DEL /F  "usb_dev_bulk.out"
DEL /F "ADCSetup.pp" "PID.pp" "PWM.pp" "accel.pp" "buttons.pp" "startup_ccs.pp" "states.pp" "structs.pp" "trajectory.pp" "uartstdio.pp" "usb_bulk_structs.pp" "usb_dev_bulk.pp" "ustdlib.pp" 
DEL /F "ADCSetup.obj" "PID.obj" "PWM.obj" "accel.obj" "buttons.obj" "startup_ccs.obj" "states.obj" "structs.obj" "trajectory.obj" "uartstdio.obj" "usb_bulk_structs.obj" "usb_dev_bulk.obj" "ustdlib.obj" 
'Finished clean'
' '

**** Build Finished ****

**** Build of configuration Debug for project usb_dev_bulk ****

"C:\\ti\\ccsv5\\utils\\bin\\gmake" -k all 
'Building file: ../ADCSetup.c'
'Invoking: ARM Compiler'
"C:/ti/ccsv5/tools/compiler/tms470_4.9.5/bin/cl470" -mv7M4 --code_state=16 --float_support=FPv4SPD16 --abi=eabi -me -O2 -g --include_path="C:/StellarisWare/utils" --include_path="C:/StellarisWare" --include_path="C:/ti/ccsv5/tools/compiler/tms470_4.9.5/include" --include_path="C:/Users/BRL/Documents" --gcc --define=ccs="ccs" --define=PART_LM4F120H5QR --define=TARGET_IS_BLIZZARD_RA1 --define=UART_BUFFERED --diag_warning=225 --display_error_number --gen_func_subsections=on --ual --preproc_with_compile --preproc_dependency="ADCSetup.pp"  "../ADCSetup.c"
"../ADCSetup.c", line 167: warning #169-D: argument of type "long *" is incompatible with parameter of type "unsigned long *"
"../ADCSetup.c", line 185: warning #169-D: argument of type "long *" is incompatible with parameter of type "unsigned long *"
'Finished building: ../ADCSetup.c'
' '
'Building file: ../PID.c'
'Invoking: ARM Compiler'
"C:/ti/ccsv5/tools/compiler/tms470_4.9.5/bin/cl470" -mv7M4 --code_state=16 --float_support=FPv4SPD16 --abi=eabi -me -O2 -g --include_path="C:/StellarisWare/utils" --include_path="C:/StellarisWare" --include_path="C:/ti/ccsv5/tools/compiler/tms470_4.9.5/include" --include_path="C:/Users/BRL/Documents" --gcc --define=ccs="ccs" --define=PART_LM4F120H5QR --define=TARGET_IS_BLIZZARD_RA1 --define=UART_BUFFERED --diag_warning=225 --display_error_number --gen_func_subsections=on --ual --preproc_with_compile --preproc_dependency="PID.pp"  "../PID.c"
"../PID.c", line 66: warning #515-D: a value of type "long (*)[1]" cannot be assigned to an entity of type "long *"
"../PID.c", line 80: warning #515-D: a value of type "long (*)[1]" cannot be assigned to an entity of type "long *"
'Finished building: ../PID.c'
' '
'Building file: ../PWM.c'
'Invoking: ARM Compiler'
"C:/ti/ccsv5/tools/compiler/tms470_4.9.5/bin/cl470" -mv7M4 --code_state=16 --float_support=FPv4SPD16 --abi=eabi -me -O2 -g --include_path="C:/StellarisWare/utils" --include_path="C:/StellarisWare" --include_path="C:/ti/ccsv5/tools/compiler/tms470_4.9.5/include" --include_path="C:/Users/BRL/Documents" --gcc --define=ccs="ccs" --define=PART_LM4F120H5QR --define=TARGET_IS_BLIZZARD_RA1 --define=UART_BUFFERED --diag_warning=225 --display_error_number --gen_func_subsections=on --ual --preproc_with_compile --preproc_dependency="PWM.pp"  "../PWM.c"
'Finished building: ../PWM.c'
' '
'Building file: ../accel.c'
'Invoking: ARM Compiler'
"C:/ti/ccsv5/tools/compiler/tms470_4.9.5/bin/cl470" -mv7M4 --code_state=16 --float_support=FPv4SPD16 --abi=eabi -me -O2 -g --include_path="C:/StellarisWare/utils" --include_path="C:/StellarisWare" --include_path="C:/ti/ccsv5/tools/compiler/tms470_4.9.5/include" --include_path="C:/Users/BRL/Documents" --gcc --define=ccs="ccs" --define=PART_LM4F120H5QR --define=TARGET_IS_BLIZZARD_RA1 --define=UART_BUFFERED --diag_warning=225 --display_error_number --gen_func_subsections=on --ual --preproc_with_compile --preproc_dependency="accel.pp"  "../accel.c"
'Finished building: ../accel.c'
' '
'Building file: ../buttons.c'
'Invoking: ARM Compiler'
"C:/ti/ccsv5/tools/compiler/tms470_4.9.5/bin/cl470" -mv7M4 --code_state=16 --float_support=FPv4SPD16 --abi=eabi -me -O2 -g --include_path="C:/StellarisWare/utils" --include_path="C:/StellarisWare" --include_path="C:/ti/ccsv5/tools/compiler/tms470_4.9.5/include" --include_path="C:/Users/BRL/Documents" --gcc --define=ccs="ccs" --define=PART_LM4F120H5QR --define=TARGET_IS_BLIZZARD_RA1 --define=UART_BUFFERED --diag_warning=225 --display_error_number --gen_func_subsections=on --ual --preproc_with_compile --preproc_dependency="buttons.pp"  "../buttons.c"
'Finished building: ../buttons.c'
' '
'Building file: ../startup_ccs.c'
'Invoking: ARM Compiler'
"C:/ti/ccsv5/tools/compiler/tms470_4.9.5/bin/cl470" -mv7M4 --code_state=16 --float_support=FPv4SPD16 --abi=eabi -me -O2 -g --include_path="C:/StellarisWare/utils" --include_path="C:/StellarisWare" --include_path="C:/ti/ccsv5/tools/compiler/tms470_4.9.5/include" --include_path="C:/Users/BRL/Documents" --gcc --define=ccs="ccs" --define=PART_LM4F120H5QR --define=TARGET_IS_BLIZZARD_RA1 --define=UART_BUFFERED --diag_warning=225 --display_error_number --gen_func_subsections=on --ual --preproc_with_compile --preproc_dependency="startup_ccs.pp"  "../startup_ccs.c"
'Finished building: ../startup_ccs.c'
' '
'Building file: ../states.c'
'Invoking: ARM Compiler'
"C:/ti/ccsv5/tools/compiler/tms470_4.9.5/bin/cl470" -mv7M4 --code_state=16 --float_support=FPv4SPD16 --abi=eabi -me -O2 -g --include_path="C:/StellarisWare/utils" --include_path="C:/StellarisWare" --include_path="C:/ti/ccsv5/tools/compiler/tms470_4.9.5/include" --include_path="C:/Users/BRL/Documents" --gcc --define=ccs="ccs" --define=PART_LM4F120H5QR --define=TARGET_IS_BLIZZARD_RA1 --define=UART_BUFFERED --diag_warning=225 --display_error_number --gen_func_subsections=on --ual --preproc_with_compile --preproc_dependency="states.pp"  "../states.c"
'Finished building: ../states.c'
' '
'Building file: ../structs.c'
'Invoking: ARM Compiler'
"C:/ti/ccsv5/tools/compiler/tms470_4.9.5/bin/cl470" -mv7M4 --code_state=16 --float_support=FPv4SPD16 --abi=eabi -me -O2 -g --include_path="C:/StellarisWare/utils" --include_path="C:/StellarisWare" --include_path="C:/ti/ccsv5/tools/compiler/tms470_4.9.5/include" --include_path="C:/Users/BRL/Documents" --gcc --define=ccs="ccs" --define=PART_LM4F120H5QR --define=TARGET_IS_BLIZZARD_RA1 --define=UART_BUFFERED --diag_warning=225 --display_error_number --gen_func_subsections=on --ual --preproc_with_compile --preproc_dependency="structs.pp"  "../structs.c"
'Finished building: ../structs.c'
' '
'Building file: ../trajectory.c'
'Invoking: ARM Compiler'
"C:/ti/ccsv5/tools/compiler/tms470_4.9.5/bin/cl470" -mv7M4 --code_state=16 --float_support=FPv4SPD16 --abi=eabi -me -O2 -g --include_path="C:/StellarisWare/utils" --include_path="C:/StellarisWare" --include_path="C:/ti/ccsv5/tools/compiler/tms470_4.9.5/include" --include_path="C:/Users/BRL/Documents" --gcc --define=ccs="ccs" --define=PART_LM4F120H5QR --define=TARGET_IS_BLIZZARD_RA1 --define=UART_BUFFERED --diag_warning=225 --display_error_number --gen_func_subsections=on --ual --preproc_with_compile --preproc_dependency="trajectory.pp"  "../trajectory.c"
"../trajectory.c", line 45: warning #1238-D: excess initializers are ignored
'Finished building: ../trajectory.c'
' '
'Building file: ../uartstdio.c'
'Invoking: ARM Compiler'
"C:/ti/ccsv5/tools/compiler/tms470_4.9.5/bin/cl470" -mv7M4 --code_state=16 --float_support=FPv4SPD16 --abi=eabi -me -O2 -g --include_path="C:/StellarisWare/utils" --include_path="C:/StellarisWare" --include_path="C:/ti/ccsv5/tools/compiler/tms470_4.9.5/include" --include_path="C:/Users/BRL/Documents" --gcc --define=ccs="ccs" --define=PART_LM4F120H5QR --define=TARGET_IS_BLIZZARD_RA1 --define=UART_BUFFERED --diag_warning=225 --display_error_number --gen_func_subsections=on --ual --preproc_with_compile --preproc_dependency="uartstdio.pp"  "../uartstdio.c"
'Finished building: ../uartstdio.c'
' '
gmake: ../usb_bulk_structs.c: Timestamp out of range; substituting 1969-12-31 16:00:00
'Building file: ../usb_bulk_structs.c'
'Invoking: ARM Compiler'
"C:/ti/ccsv5/tools/compiler/tms470_4.9.5/bin/cl470" -mv7M4 --code_state=16 --float_support=FPv4SPD16 --abi=eabi -me -O2 -g --include_path="C:/StellarisWare/utils" --include_path="C:/StellarisWare" --include_path="C:/ti/ccsv5/tools/compiler/tms470_4.9.5/include" --include_path="C:/Users/BRL/Documents" --gcc --define=ccs="ccs" --define=PART_LM4F120H5QR --define=TARGET_IS_BLIZZARD_RA1 --define=UART_BUFFERED --diag_warning=225 --display_error_number --gen_func_subsections=on --ual --preproc_with_compile --preproc_dependency="usb_bulk_structs.pp"  "../usb_bulk_structs.c"
'Finished building: ../usb_bulk_structs.c'
' '
'Building file: ../usb_dev_bulk.c'
'Invoking: ARM Compiler'
"C:/ti/ccsv5/tools/compiler/tms470_4.9.5/bin/cl470" -mv7M4 --code_state=16 --float_support=FPv4SPD16 --abi=eabi -me -O2 -g --include_path="C:/StellarisWare/utils" --include_path="C:/StellarisWare" --include_path="C:/ti/ccsv5/tools/compiler/tms470_4.9.5/include" --include_path="C:/Users/BRL/Documents" --gcc --define=ccs="ccs" --define=PART_LM4F120H5QR --define=TARGET_IS_BLIZZARD_RA1 --define=UART_BUFFERED --diag_warning=225 --display_error_number --gen_func_subsections=on --ual --preproc_with_compile --preproc_dependency="usb_dev_bulk.pp"  "../usb_dev_bulk.c"
"../usb_dev_bulk.c", line 139: warning #169-D: argument of type "unsigned long" is incompatible with parameter of type "void *"
"../usb_dev_bulk.c", line 139: warning #169-D: argument of type "datapacket *" is incompatible with parameter of type "unsigned char *"
"../usb_dev_bulk.c", line 267: warning #551-D: variable "command" is used before its value is set
"../usb_dev_bulk.c", line 272: warning #551-D: variable "data" is used before its value is set
"../usb_dev_bulk.c", line 277: warning #169-D: argument of type "char *" is incompatible with parameter of type "unsigned char *"
"../usb_dev_bulk.c", line 278: warning #169-D: argument of type "unsigned long *" is incompatible with parameter of type "unsigned char *"
"../usb_dev_bulk.c", line 321: warning #169-D: argument of type "unsigned short *" is incompatible with parameter of type "unsigned char *"
"../usb_dev_bulk.c", line 323: warning #169-D: argument of type "unsigned short *" is incompatible with parameter of type "unsigned char *"
"../usb_dev_bulk.c", line 325: warning #169-D: argument of type "unsigned short *" is incompatible with parameter of type "unsigned char *"
"../usb_dev_bulk.c", line 327: warning #169-D: argument of type "unsigned short *" is incompatible with parameter of type "unsigned char *"
"../usb_dev_bulk.c", line 329: warning #169-D: argument of type "unsigned short *" is incompatible with parameter of type "unsigned char *"
"../usb_dev_bulk.c", line 331: warning #169-D: argument of type "unsigned short *" is incompatible with parameter of type "unsigned char *"
"../usb_dev_bulk.c", line 333: warning #169-D: argument of type "unsigned short *" is incompatible with parameter of type "unsigned char *"
"../usb_dev_bulk.c", line 254: warning #552-D: variable "psDevice" was set but never used
"../usb_dev_bulk.c", line 462: warning #515-D: a value of type "void *" cannot be assigned to an entity of type "unsigned long"
'Finished building: ../usb_dev_bulk.c'
' '
'Building file: ../ustdlib.c'
'Invoking: ARM Compiler'
"C:/ti/ccsv5/tools/compiler/tms470_4.9.5/bin/cl470" -mv7M4 --code_state=16 --float_support=FPv4SPD16 --abi=eabi -me -O2 -g --include_path="C:/StellarisWare/utils" --include_path="C:/StellarisWare" --include_path="C:/ti/ccsv5/tools/compiler/tms470_4.9.5/include" --include_path="C:/Users/BRL/Documents" --gcc --define=ccs="ccs" --define=PART_LM4F120H5QR --define=TARGET_IS_BLIZZARD_RA1 --define=UART_BUFFERED --diag_warning=225 --display_error_number --gen_func_subsections=on --ual --preproc_with_compile --preproc_dependency="ustdlib.pp"  "../ustdlib.c"
'Finished building: ../ustdlib.c'
' '
gmake: ../usb_dev_bulk_ccs.cmd: Timestamp out of range; substituting 1969-12-31 16:00:00
'Building target: usb_dev_bulk.out'
'Invoking: ARM Linker'
"C:/ti/ccsv5/tools/compiler/tms470_4.9.5/bin/cl470" -mv7M4 --code_state=16 --float_support=FPv4SPD16 --abi=eabi -me -O2 -g --gcc --define=ccs="ccs" --define=PART_LM4F120H5QR --define=TARGET_IS_BLIZZARD_RA1 --define=UART_BUFFERED --diag_warning=225 --display_error_number --gen_func_subsections=on --ual -z --stack_size=1024 -m"usb_dev_bulk_ccs.map" --heap_size=0 -i"C:/ti/ccsv5/tools/compiler/tms470_4.9.5/lib" -i"C:/ti/ccsv5/tools/compiler/tms470_4.9.5/include" --reread_libs --warn_sections --display_error_number --rom_model -o "usb_dev_bulk.out"  "./ustdlib.obj" "./usb_dev_bulk.obj" "./usb_bulk_structs.obj" "./uartstdio.obj" "./trajectory.obj" "./structs.obj" "./states.obj" "./startup_ccs.obj" "./buttons.obj" "./accel.obj" "./PWM.obj" "./PID.obj" "./ADCSetup.obj" -l"C:\StellarisWare\usblib\ccs-cm4f\Debug\usblib-cm4f.lib" -l"C:\ti\ccsv5\tools\compiler\tms470_4.9.5\lib\libc.a" -l"C:\StellarisWare\driverlib\ccs-cm4f\Debug\driverlib-cm4f.lib" "../usb_dev_bulk_ccs.cmd" 
<Linking>
'Finished building target: usb_dev_bulk.out'
' '
C:/ti/ccsv5/utils/bin/gmake --no-print-directory post-build
"C:/ti/ccsv5/utils/tiobj2bin/tiobj2bin" "usb_dev_bulk.out" "usb_dev_bulk.bin" "C:/ti/ccsv5/tools/compiler/tms470_4.9.5/bin/ofd470" "C:/ti/ccsv5/tools/compiler/tms470_4.9.5/bin/hex470" "C:/ti/ccsv5/utils/tiobj2bin/mkhex4bin"
' '

**** Build Finished ****

**** Build of configuration Debug for project usb_dev_bulk ****

"C:\\ti\\ccsv5\\utils\\bin\\gmake" -k all 
gmake: ../usb_bulk_structs.c: Timestamp out of range; substituting 1969-12-31 16:00:00
gmake: ../usb_bulk_structs.h: Timestamp out of range; substituting 1969-12-31 16:00:00
gmake: ../usb_dev_bulk_ccs.cmd: Timestamp out of range; substituting 1969-12-31 16:00:00
gmake: Nothing to be done for `all'.

**** Build Finished ****

**** Build of configuration Debug for project usb_dev_bulk ****

"C:\\ti\\ccsv5\\utils\\bin\\gmake" -k all 
'Building file: ../PID.c'
'Invoking: ARM Compiler'
"C:/ti/ccsv5/tools/compiler/tms470_4.9.5/bin/cl470" -mv7M4 --code_state=16 --float_support=FPv4SPD16 --abi=eabi -me -O2 -g --include_path="C:/StellarisWare/utils" --include_path="C:/StellarisWare" --include_path="C:/ti/ccsv5/tools/compiler/tms470_4.9.5/include" --include_path="C:/Users/BRL/Documents" --gcc --define=ccs="ccs" --define=PART_LM4F120H5QR --define=TARGET_IS_BLIZZARD_RA1 --define=UART_BUFFERED --diag_warning=225 --display_error_number --gen_func_subsections=on --ual --preproc_with_compile --preproc_dependency="PID.pp"  "../PID.c"
"../PID.c", line 66: warning #515-D: a value of type "long (*)[1]" cannot be assigned to an entity of type "long *"
"../PID.c", line 80: warning #515-D: a value of type "long (*)[1]" cannot be assigned to an entity of type "long *"
'Finished building: ../PID.c'
' '
gmake: ../usb_bulk_structs.c: Timestamp out of range; substituting 1969-12-31 16:00:00
gmake: ../usb_bulk_structs.h: Timestamp out of range; substituting 1969-12-31 16:00:00
gmake: ../usb_dev_bulk_ccs.cmd: Timestamp out of range; substituting 1969-12-31 16:00:00
'Building target: usb_dev_bulk.out'
'Invoking: ARM Linker'
"C:/ti/ccsv5/tools/compiler/tms470_4.9.5/bin/cl470" -mv7M4 --code_state=16 --float_support=FPv4SPD16 --abi=eabi -me -O2 -g --gcc --define=ccs="ccs" --define=PART_LM4F120H5QR --define=TARGET_IS_BLIZZARD_RA1 --define=UART_BUFFERED --diag_warning=225 --display_error_number --gen_func_subsections=on --ual -z --stack_size=1024 -m"usb_dev_bulk_ccs.map" --heap_size=0 -i"C:/ti/ccsv5/tools/compiler/tms470_4.9.5/lib" -i"C:/ti/ccsv5/tools/compiler/tms470_4.9.5/include" --reread_libs --warn_sections --display_error_number --rom_model -o "usb_dev_bulk.out"  "./ustdlib.obj" "./usb_dev_bulk.obj" "./usb_bulk_structs.obj" "./uartstdio.obj" "./trajectory.obj" "./structs.obj" "./states.obj" "./startup_ccs.obj" "./buttons.obj" "./accel.obj" "./PWM.obj" "./PID.obj" "./ADCSetup.obj" -l"C:\StellarisWare\usblib\ccs-cm4f\Debug\usblib-cm4f.lib" -l"C:\ti\ccsv5\tools\compiler\tms470_4.9.5\lib\libc.a" -l"C:\StellarisWare\driverlib\ccs-cm4f\Debug\driverlib-cm4f.lib" "../usb_dev_bulk_ccs.cmd" 
<Linking>
'Finished building target: usb_dev_bulk.out'
' '
C:/ti/ccsv5/utils/bin/gmake --no-print-directory post-build
"C:/ti/ccsv5/utils/tiobj2bin/tiobj2bin" "usb_dev_bulk.out" "usb_dev_bulk.bin" "C:/ti/ccsv5/tools/compiler/tms470_4.9.5/bin/ofd470" "C:/ti/ccsv5/tools/compiler/tms470_4.9.5/bin/hex470" "C:/ti/ccsv5/utils/tiobj2bin/mkhex4bin"
' '

**** Build Finished ****

**** Build of configuration Debug for project usb_dev_bulk ****

"C:\\ti\\ccsv5\\utils\\bin\\gmake" -k all 
'Building file: ../trajectory.c'
'Invoking: ARM Compiler'
"C:/ti/ccsv5/tools/compiler/tms470_4.9.5/bin/cl470" -mv7M4 --code_state=16 --float_support=FPv4SPD16 --abi=eabi -me -O2 -g --include_path="C:/StellarisWare/utils" --include_path="C:/StellarisWare" --include_path="C:/ti/ccsv5/tools/compiler/tms470_4.9.5/include" --include_path="C:/Users/BRL/Documents" --gcc --define=ccs="ccs" --define=PART_LM4F120H5QR --define=TARGET_IS_BLIZZARD_RA1 --define=UART_BUFFERED --diag_warning=225 --display_error_number --gen_func_subsections=on --ual --preproc_with_compile --preproc_dependency="trajectory.pp"  "../trajectory.c"
'Finished building: ../trajectory.c'
' '
gmake: ../usb_bulk_structs.c: Timestamp out of range; substituting 1969-12-31 16:00:00
gmake: ../usb_bulk_structs.h: Timestamp out of range; substituting 1969-12-31 16:00:00
gmake: ../usb_dev_bulk_ccs.cmd: Timestamp out of range; substituting 1969-12-31 16:00:00
'Building target: usb_dev_bulk.out'
'Invoking: ARM Linker'
"C:/ti/ccsv5/tools/compiler/tms470_4.9.5/bin/cl470" -mv7M4 --code_state=16 --float_support=FPv4SPD16 --abi=eabi -me -O2 -g --gcc --define=ccs="ccs" --define=PART_LM4F120H5QR --define=TARGET_IS_BLIZZARD_RA1 --define=UART_BUFFERED --diag_warning=225 --display_error_number --gen_func_subsections=on --ual -z --stack_size=1024 -m"usb_dev_bulk_ccs.map" --heap_size=0 -i"C:/ti/ccsv5/tools/compiler/tms470_4.9.5/lib" -i"C:/ti/ccsv5/tools/compiler/tms470_4.9.5/include" --reread_libs --warn_sections --display_error_number --rom_model -o "usb_dev_bulk.out"  "./ustdlib.obj" "./usb_dev_bulk.obj" "./usb_bulk_structs.obj" "./uartstdio.obj" "./trajectory.obj" "./structs.obj" "./states.obj" "./startup_ccs.obj" "./buttons.obj" "./accel.obj" "./PWM.obj" "./PID.obj" "./ADCSetup.obj" -l"C:\StellarisWare\usblib\ccs-cm4f\Debug\usblib-cm4f.lib" -l"C:\ti\ccsv5\tools\compiler\tms470_4.9.5\lib\libc.a" -l"C:\StellarisWare\driverlib\ccs-cm4f\Debug\driverlib-cm4f.lib" "../usb_dev_bulk_ccs.cmd" 
<Linking>
'Finished building target: usb_dev_bulk.out'
' '
C:/ti/ccsv5/utils/bin/gmake --no-print-directory post-build
"C:/ti/ccsv5/utils/tiobj2bin/tiobj2bin" "usb_dev_bulk.out" "usb_dev_bulk.bin" "C:/ti/ccsv5/tools/compiler/tms470_4.9.5/bin/ofd470" "C:/ti/ccsv5/tools/compiler/tms470_4.9.5/bin/hex470" "C:/ti/ccsv5/utils/tiobj2bin/mkhex4bin"
' '

**** Build Finished ****

**** Build of configuration Debug for project usb_dev_bulk ****

"C:\\ti\\ccsv5\\utils\\bin\\gmake" -k all 
'Building file: ../PID.c'
'Invoking: ARM Compiler'
"C:/ti/ccsv5/tools/compiler/tms470_4.9.5/bin/cl470" -mv7M4 --code_state=16 --float_support=FPv4SPD16 --abi=eabi -me -O2 -g --include_path="C:/StellarisWare/utils" --include_path="C:/StellarisWare" --include_path="C:/ti/ccsv5/tools/compiler/tms470_4.9.5/include" --include_path="C:/Users/BRL/Documents" --gcc --define=ccs="ccs" --define=PART_LM4F120H5QR --define=TARGET_IS_BLIZZARD_RA1 --define=UART_BUFFERED --diag_warning=225 --display_error_number --gen_func_subsections=on --ual --preproc_with_compile --preproc_dependency="PID.pp"  "../PID.c"
"../PID.c", line 66: warning #515-D: a value of type "long (*)[1]" cannot be assigned to an entity of type "long *"
"../PID.c", line 80: warning #515-D: a value of type "long (*)[1]" cannot be assigned to an entity of type "long *"
'Finished building: ../PID.c'
' '
gmake: ../usb_bulk_structs.c: Timestamp out of range; substituting 1969-12-31 16:00:00
gmake: ../usb_bulk_structs.h: Timestamp out of range; substituting 1969-12-31 16:00:00
gmake: ../usb_dev_bulk_ccs.cmd: Timestamp out of range; substituting 1969-12-31 16:00:00
'Building target: usb_dev_bulk.out'
'Invoking: ARM Linker'
"C:/ti/ccsv5/tools/compiler/tms470_4.9.5/bin/cl470" -mv7M4 --code_state=16 --float_support=FPv4SPD16 --abi=eabi -me -O2 -g --gcc --define=ccs="ccs" --define=PART_LM4F120H5QR --define=TARGET_IS_BLIZZARD_RA1 --define=UART_BUFFERED --diag_warning=225 --display_error_number --gen_func_subsections=on --ual -z --stack_size=1024 -m"usb_dev_bulk_ccs.map" --heap_size=0 -i"C:/ti/ccsv5/tools/compiler/tms470_4.9.5/lib" -i"C:/ti/ccsv5/tools/compiler/tms470_4.9.5/include" --reread_libs --warn_sections --display_error_number --rom_model -o "usb_dev_bulk.out"  "./ustdlib.obj" "./usb_dev_bulk.obj" "./usb_bulk_structs.obj" "./uartstdio.obj" "./trajectory.obj" "./structs.obj" "./states.obj" "./startup_ccs.obj" "./buttons.obj" "./accel.obj" "./PWM.obj" "./PID.obj" "./ADCSetup.obj" -l"C:\StellarisWare\usblib\ccs-cm4f\Debug\usblib-cm4f.lib" -l"C:\ti\ccsv5\tools\compiler\tms470_4.9.5\lib\libc.a" -l"C:\StellarisWare\driverlib\ccs-cm4f\Debug\driverlib-cm4f.lib" "../usb_dev_bulk_ccs.cmd" 
<Linking>
'Finished building target: usb_dev_bulk.out'
' '
C:/ti/ccsv5/utils/bin/gmake --no-print-directory post-build
"C:/ti/ccsv5/utils/tiobj2bin/tiobj2bin" "usb_dev_bulk.out" "usb_dev_bulk.bin" "C:/ti/ccsv5/tools/compiler/tms470_4.9.5/bin/ofd470" "C:/ti/ccsv5/tools/compiler/tms470_4.9.5/bin/hex470" "C:/ti/ccsv5/utils/tiobj2bin/mkhex4bin"
' '

**** Build Finished ****

**** Build of configuration Debug for project usb_dev_bulk ****

"C:\\ti\\ccsv5\\utils\\bin\\gmake" -k all 
gmake: ../usb_bulk_structs.c: Timestamp out of range; substituting 1969-12-31 16:00:00
gmake: ../usb_bulk_structs.h: Timestamp out of range; substituting 1969-12-31 16:00:00
gmake: ../usb_dev_bulk_ccs.cmd: Timestamp out of range; substituting 1969-12-31 16:00:00
gmake: Nothing to be done for `all'.

**** Build Finished ****

**** Build of configuration Debug for project usb_dev_bulk ****

"C:\\ti\\ccsv5\\utils\\bin\\gmake" -k all 
'Building file: ../PID.c'
'Invoking: ARM Compiler'
"C:/ti/ccsv5/tools/compiler/tms470_4.9.5/bin/cl470" -mv7M4 --code_state=16 --float_support=FPv4SPD16 --abi=eabi -me -O2 -g --include_path="C:/StellarisWare/utils" --include_path="C:/StellarisWare" --include_path="C:/ti/ccsv5/tools/compiler/tms470_4.9.5/include" --include_path="C:/Users/BRL/Documents" --gcc --define=ccs="ccs" --define=PART_LM4F120H5QR --define=TARGET_IS_BLIZZARD_RA1 --define=UART_BUFFERED --diag_warning=225 --display_error_number --gen_func_subsections=on --ual --preproc_with_compile --preproc_dependency="PID.pp"  "../PID.c"
"../PID.c", line 66: warning #515-D: a value of type "long (*)[1]" cannot be assigned to an entity of type "long *"
"../PID.c", line 80: warning #515-D: a value of type "long (*)[1]" cannot be assigned to an entity of type "long *"
'Finished building: ../PID.c'
' '
gmake: ../usb_bulk_structs.c: Timestamp out of range; substituting 1969-12-31 16:00:00
gmake: ../usb_bulk_structs.h: Timestamp out of range; substituting 1969-12-31 16:00:00
gmake: ../usb_dev_bulk_ccs.cmd: Timestamp out of range; substituting 1969-12-31 16:00:00
'Building target: usb_dev_bulk.out'
'Invoking: ARM Linker'
"C:/ti/ccsv5/tools/compiler/tms470_4.9.5/bin/cl470" -mv7M4 --code_state=16 --float_support=FPv4SPD16 --abi=eabi -me -O2 -g --gcc --define=ccs="ccs" --define=PART_LM4F120H5QR --define=TARGET_IS_BLIZZARD_RA1 --define=UART_BUFFERED --diag_warning=225 --display_error_number --gen_func_subsections=on --ual -z --stack_size=1024 -m"usb_dev_bulk_ccs.map" --heap_size=0 -i"C:/ti/ccsv5/tools/compiler/tms470_4.9.5/lib" -i"C:/ti/ccsv5/tools/compiler/tms470_4.9.5/include" --reread_libs --warn_sections --display_error_number --rom_model -o "usb_dev_bulk.out"  "./ustdlib.obj" "./usb_dev_bulk.obj" "./usb_bulk_structs.obj" "./uartstdio.obj" "./trajectory.obj" "./structs.obj" "./states.obj" "./startup_ccs.obj" "./buttons.obj" "./accel.obj" "./PWM.obj" "./PID.obj" "./ADCSetup.obj" -l"C:\StellarisWare\usblib\ccs-cm4f\Debug\usblib-cm4f.lib" -l"C:\ti\ccsv5\tools\compiler\tms470_4.9.5\lib\libc.a" -l"C:\StellarisWare\driverlib\ccs-cm4f\Debug\driverlib-cm4f.lib" "../usb_dev_bulk_ccs.cmd" 
<Linking>
'Finished building target: usb_dev_bulk.out'
' '
C:/ti/ccsv5/utils/bin/gmake --no-print-directory post-build
"C:/ti/ccsv5/utils/tiobj2bin/tiobj2bin" "usb_dev_bulk.out" "usb_dev_bulk.bin" "C:/ti/ccsv5/tools/compiler/tms470_4.9.5/bin/ofd470" "C:/ti/ccsv5/tools/compiler/tms470_4.9.5/bin/hex470" "C:/ti/ccsv5/utils/tiobj2bin/mkhex4bin"
' '

**** Build Finished ****

**** Build of configuration Debug for project usb_dev_bulk ****

"C:\\ti\\ccsv5\\utils\\bin\\gmake" -k all 
'Building file: ../PID.c'
'Invoking: ARM Compiler'
"C:/ti/ccsv5/tools/compiler/tms470_4.9.5/bin/cl470" -mv7M4 --code_state=16 --float_support=FPv4SPD16 --abi=eabi -me -O2 -g --include_path="C:/StellarisWare/utils" --include_path="C:/StellarisWare" --include_path="C:/ti/ccsv5/tools/compiler/tms470_4.9.5/include" --include_path="C:/Users/BRL/Documents" --gcc --define=ccs="ccs" --define=PART_LM4F120H5QR --define=TARGET_IS_BLIZZARD_RA1 --define=UART_BUFFERED --diag_warning=225 --display_error_number --gen_func_subsections=on --ual --preproc_with_compile --preproc_dependency="PID.pp"  "../PID.c"
"../PID.c", line 66: warning #515-D: a value of type "long (*)[1]" cannot be assigned to an entity of type "long *"
"../PID.c", line 80: warning #515-D: a value of type "long (*)[1]" cannot be assigned to an entity of type "long *"
'Finished building: ../PID.c'
' '
'Building file: ../trajectory.c'
'Invoking: ARM Compiler'
"C:/ti/ccsv5/tools/compiler/tms470_4.9.5/bin/cl470" -mv7M4 --code_state=16 --float_support=FPv4SPD16 --abi=eabi -me -O2 -g --include_path="C:/StellarisWare/utils" --include_path="C:/StellarisWare" --include_path="C:/ti/ccsv5/tools/compiler/tms470_4.9.5/include" --include_path="C:/Users/BRL/Documents" --gcc --define=ccs="ccs" --define=PART_LM4F120H5QR --define=TARGET_IS_BLIZZARD_RA1 --define=UART_BUFFERED --diag_warning=225 --display_error_number --gen_func_subsections=on --ual --preproc_with_compile --preproc_dependency="trajectory.pp"  "../trajectory.c"
'Finished building: ../trajectory.c'
' '
gmake: ../usb_bulk_structs.c: Timestamp out of range; substituting 1969-12-31 16:00:00
gmake: ../usb_bulk_structs.h: Timestamp out of range; substituting 1969-12-31 16:00:00
gmake: ../usb_dev_bulk_ccs.cmd: Timestamp out of range; substituting 1969-12-31 16:00:00
'Building target: usb_dev_bulk.out'
'Invoking: ARM Linker'
"C:/ti/ccsv5/tools/compiler/tms470_4.9.5/bin/cl470" -mv7M4 --code_state=16 --float_support=FPv4SPD16 --abi=eabi -me -O2 -g --gcc --define=ccs="ccs" --define=PART_LM4F120H5QR --define=TARGET_IS_BLIZZARD_RA1 --define=UART_BUFFERED --diag_warning=225 --display_error_number --gen_func_subsections=on --ual -z --stack_size=1024 -m"usb_dev_bulk_ccs.map" --heap_size=0 -i"C:/ti/ccsv5/tools/compiler/tms470_4.9.5/lib" -i"C:/ti/ccsv5/tools/compiler/tms470_4.9.5/include" --reread_libs --warn_sections --display_error_number --rom_model -o "usb_dev_bulk.out"  "./ustdlib.obj" "./usb_dev_bulk.obj" "./usb_bulk_structs.obj" "./uartstdio.obj" "./trajectory.obj" "./structs.obj" "./states.obj" "./startup_ccs.obj" "./buttons.obj" "./accel.obj" "./PWM.obj" "./PID.obj" "./ADCSetup.obj" -l"C:\StellarisWare\usblib\ccs-cm4f\Debug\usblib-cm4f.lib" -l"C:\ti\ccsv5\tools\compiler\tms470_4.9.5\lib\libc.a" -l"C:\StellarisWare\driverlib\ccs-cm4f\Debug\driverlib-cm4f.lib" "../usb_dev_bulk_ccs.cmd" 
<Linking>
'Finished building target: usb_dev_bulk.out'
' '
C:/ti/ccsv5/utils/bin/gmake --no-print-directory post-build
"C:/ti/ccsv5/utils/tiobj2bin/tiobj2bin" "usb_dev_bulk.out" "usb_dev_bulk.bin" "C:/ti/ccsv5/tools/compiler/tms470_4.9.5/bin/ofd470" "C:/ti/ccsv5/tools/compiler/tms470_4.9.5/bin/hex470" "C:/ti/ccsv5/utils/tiobj2bin/mkhex4bin"
' '

**** Build Finished ****

**** Build of configuration Debug for project usb_dev_bulk ****

"C:\\ti\\ccsv5\\utils\\bin\\gmake" -k all 
'Building file: ../trajectory.c'
'Invoking: ARM Compiler'
"C:/ti/ccsv5/tools/compiler/tms470_4.9.5/bin/cl470" -mv7M4 --code_state=16 --float_support=FPv4SPD16 --abi=eabi -me -O2 -g --include_path="C:/StellarisWare/utils" --include_path="C:/StellarisWare" --include_path="C:/ti/ccsv5/tools/compiler/tms470_4.9.5/include" --include_path="C:/Users/BRL/Documents" --gcc --define=ccs="ccs" --define=PART_LM4F120H5QR --define=TARGET_IS_BLIZZARD_RA1 --define=UART_BUFFERED --diag_warning=225 --display_error_number --gen_func_subsections=on --ual --preproc_with_compile --preproc_dependency="trajectory.pp"  "../trajectory.c"
'Finished building: ../trajectory.c'
' '
gmake: ../usb_bulk_structs.c: Timestamp out of range; substituting 1969-12-31 16:00:00
gmake: ../usb_bulk_structs.h: Timestamp out of range; substituting 1969-12-31 16:00:00
gmake: ../usb_dev_bulk_ccs.cmd: Timestamp out of range; substituting 1969-12-31 16:00:00
'Building target: usb_dev_bulk.out'
'Invoking: ARM Linker'
"C:/ti/ccsv5/tools/compiler/tms470_4.9.5/bin/cl470" -mv7M4 --code_state=16 --float_support=FPv4SPD16 --abi=eabi -me -O2 -g --gcc --define=ccs="ccs" --define=PART_LM4F120H5QR --define=TARGET_IS_BLIZZARD_RA1 --define=UART_BUFFERED --diag_warning=225 --display_error_number --gen_func_subsections=on --ual -z --stack_size=1024 -m"usb_dev_bulk_ccs.map" --heap_size=0 -i"C:/ti/ccsv5/tools/compiler/tms470_4.9.5/lib" -i"C:/ti/ccsv5/tools/compiler/tms470_4.9.5/include" --reread_libs --warn_sections --display_error_number --rom_model -o "usb_dev_bulk.out"  "./ustdlib.obj" "./usb_dev_bulk.obj" "./usb_bulk_structs.obj" "./uartstdio.obj" "./trajectory.obj" "./structs.obj" "./states.obj" "./startup_ccs.obj" "./buttons.obj" "./accel.obj" "./PWM.obj" "./PID.obj" "./ADCSetup.obj" -l"C:\StellarisWare\usblib\ccs-cm4f\Debug\usblib-cm4f.lib" -l"C:\ti\ccsv5\tools\compiler\tms470_4.9.5\lib\libc.a" -l"C:\StellarisWare\driverlib\ccs-cm4f\Debug\driverlib-cm4f.lib" "../usb_dev_bulk_ccs.cmd" 
<Linking>
'Finished building target: usb_dev_bulk.out'
' '
C:/ti/ccsv5/utils/bin/gmake --no-print-directory post-build
"C:/ti/ccsv5/utils/tiobj2bin/tiobj2bin" "usb_dev_bulk.out" "usb_dev_bulk.bin" "C:/ti/ccsv5/tools/compiler/tms470_4.9.5/bin/ofd470" "C:/ti/ccsv5/tools/compiler/tms470_4.9.5/bin/hex470" "C:/ti/ccsv5/utils/tiobj2bin/mkhex4bin"
' '

**** Build Finished ****
